/home/cabox/workspace/AWorDS/Projects/11/Files/generated/maw/
/home/cabox/workspace/AWorDS/Projects/11/Files/generated/maw//SpeciesFull.txt
/home/cabox/workspace/AWorDS/Projects/11/Files/generated/maw/DistanceMatrix.txt
/home/cabox/workspace/AWorDS/Projects/11/Files/generated/maw//.maw.txt file not found!!!/home/cabox/workspace/AWorDS/Projects/11/Files/generated/maw/
/home/cabox/workspace/AWorDS/Projects/11/Files/generated/maw//SpeciesFull.txt
/home/cabox/workspace/AWorDS/Projects/11/Files/generated/maw/DistanceMatrix.txt
/home/cabox/workspace/AWorDS/Projects/11/Files/generated/maw//.maw.txt file not found!!!
alligator
ant
leopard
silkworm
tiger
wolf

Time taken: 1
/home/cabox/workspace/AWorDS/Projects/12/Files/generated/maw/
/home/cabox/workspace/AWorDS/Projects/12/Files/generated/maw//SpeciesFull.txt
/home/cabox/workspace/AWorDS/Projects/12/Files/generated/maw/DistanceMatrix.txt
/home/cabox/workspace/AWorDS/Projects/12/Files/generated/maw//wol.maw.txt file not found!!!/home/cabox/workspace/AWorDS/Projects/12/Files/generated/maw/
/home/cabox/workspace/AWorDS/Projects/12/Files/generated/maw//SpeciesFull.txt
/home/cabox/workspace/AWorDS/Projects/12/Files/generated/maw/DistanceMatrix.txt
/home/cabox/workspace/AWorDS/Projects/12/Files/generated/maw//wol.maw.txt file not found!!!
alligator
ant
leopard
silkworm
tiger
wolf
Time taken: 0
/home/cabox/workspace/AWorDS/Projects/13/Files/generated/maw/
/home/cabox/workspace/AWorDS/Projects/13/Files/generated/maw//SpeciesFull.txt
/home/cabox/workspace/AWorDS/Projects/13/Files/generated/maw/DistanceMatrix.txt
{  },
{  0.26 },
{  0.01,  0.27 },
{  0.30,  0.05,  0.30 },
{  0.02,  0.29,  0.02,  0.32 },
{  0.01,  0.27,  0.00,  0.31,  0.02 }/home/cabox/workspace/AWorDS/Projects/13/Files/generated/maw/
/home/cabox/workspace/AWorDS/Projects/13/Files/generated/maw//SpeciesFull.txt
/home/cabox/workspace/AWorDS/Projects/13/Files/generated/maw/DistanceMatrix.txt
{  },
{  0.26 },
{  0.01,  0.27 },
{  0.30,  0.05,  0.30 },
{  0.02,  0.29,  0.02,  0.32 },
{  0.01,  0.27,  0.00,  0.31,  0.02 }
alligator
ant
leopard
silkworm
tiger
wolf

0.2642
0.0091  0.27
0.3005  0.0491  0.3048
0.024  0.2882  0.0186  0.323
0.0088  0.2719  0.0033  0.3067  0.0163
Time taken: 1
/tmp/Projects/14/Files/generated/maw/
/tmp/Projects/14/Files/generated/maw//SpeciesFull.txt
/tmp/Projects/14/Files/generated/maw/DistanceMatrix.txt
{  },
{  0.26 },
{  0.01,  0.27 },
{  0.30,  0.05,  0.30 },
{  0.02,  0.29,  0.02,  0.32 },
{  0.01,  0.27,  0.00,  0.31,  0.02 }/tmp/Projects/14/Files/generated/maw/
/tmp/Projects/14/Files/generated/maw//SpeciesFull.txt
/tmp/Projects/14/Files/generated/maw/DistanceMatrix.txt
{  },
{  0.26 },
{  0.01,  0.27 },
{  0.30,  0.05,  0.30 },
{  0.02,  0.29,  0.02,  0.32 },
{  0.01,  0.27,  0.00,  0.31,  0.02 }
alligator
ant
leopard
silkworm
tiger
wolf

0.2642
0.0091  0.27
0.3005  0.0491  0.3048
0.024  0.2882  0.0186  0.323
0.0088  0.2719  0.0033  0.3067  0.0163
Time taken: 3
alligator
ant
leopard
silkworm
tiger
wolf

0.0
0.0  0.0
0.0  0.0  0.0
0.0  0.0  0.0  0.0
0.0  0.0  0.0  0.0  0.0
Time taken: 2
alligator
ant
leopard
silkworm
tiger
wolf

0.0
0.0  0.0
0.0  0.0  0.0
0.0  0.0  0.0  0.0
0.0  0.0  0.0  0.0  0.0
Time taken: 0
/tmp/Projects/17/Files/generated/maw/
/tmp/Projects/17/Files/generated/maw//SpeciesFull.txt
/tmp/Projects/17/Files/generated/maw/DistanceMatrix.txt
{  },
{  0.26 },
{  0.01,  0.27 },
{  0.30,  0.05,  0.30 },
{  0.02,  0.29,  0.02,  0.32 },
{  0.01,  0.27,  0.00,  0.31,  0.02 }/tmp/Projects/17/Files/generated/maw/
/tmp/Projects/17/Files/generated/maw//SpeciesFull.txt
/tmp/Projects/17/Files/generated/maw/DistanceMatrix.txt
{  },
{  0.26 },
{  0.01,  0.27 },
{  0.30,  0.05,  0.30 },
{  0.02,  0.29,  0.02,  0.32 },
{  0.01,  0.27,  0.00,  0.31,  0.02 }
alligator
ant
leopard
silkworm
tiger
wolf

0.2642
0.0091  0.27
0.3005  0.0491  0.3048
0.024  0.2882  0.0186  0.323
0.0088  0.2719  0.0033  0.3067  0.0163
Time taken: 1
/tmp/Projects/18/Files/generated/maw/
/tmp/Projects/18/Files/generated/maw//SpeciesFull.txt
/tmp/Projects/18/Files/generated/maw/DistanceMatrix.txt
{  },
{  0.26 },
{  0.01,  0.27 },
{  0.30,  0.05,  0.30 },
{  0.02,  0.29,  0.02,  0.32 },
{  0.01,  0.27,  0.00,  0.31,  0.02 }/tmp/Projects/18/Files/generated/maw/
/tmp/Projects/18/Files/generated/maw//SpeciesFull.txt
/tmp/Projects/18/Files/generated/maw/DistanceMatrix.txt
{  },
{  0.26 },
{  0.01,  0.27 },
{  0.30,  0.05,  0.30 },
{  0.02,  0.29,  0.02,  0.32 },
{  0.01,  0.27,  0.00,  0.31,  0.02 }
alligator
ant
leopard
silkworm
tiger
wolf

0.2642
0.0091  0.27
0.3005  0.0491  0.3048
0.024  0.2882  0.0186  0.323
0.0088  0.2719  0.0033  0.3067  0.0163
Time taken: 2
