




Data Dir   : /Users/muntashir/Documents/Projects/AWorDS/tmp/Projects/10/Files/generated/
SpeciesFull: /Users/muntashir/Documents/Projects/AWorDS/tmp/Projects/10/Files/generated/SpeciesFull.txt
/Users/muntashir/Documents/Projects/AWorDS/tmp/Projects/10/Files/generated/DistanceMatrix.txt
{  },
{  0.09 },
{  0.04,  0.04 },
{  0.09,  0.01,  0.05 },
{  0.03,  0.07,  0.04,  0.08 }











Data Dir   : /Users/muntashir/Documents/Projects/AWorDS/tmp/Projects/11/Files/generated/
SpeciesFull: /Users/muntashir/Documents/Projects/AWorDS/tmp/Projects/11/Files/generated/SpeciesFull.txt
/Users/muntashir/Documents/Projects/AWorDS/tmp/Projects/11/Files/generated/DistanceMatrix.txt
{  },
{  0.00 },
{  0.50,  0.50 },
{  0.50,  0.50,  1.00 },
{  0.00,  0.00,  0.50,  0.50 },
{  0.00,  0.00,  0.50,  0.50,  0.00 },
{  0.50,  0.50,  0.00,  1.00,  0.50,  0.50 },
{  0.00,  0.00,  0.50,  0.50,  0.00,  0.00,  0.50 },
{  0.00,  0.00,  0.50,  0.50,  0.00,  0.00,  0.50,  0.00 },
{  0.00,  0.00,  0.50,  0.50,  0.00,  0.00,  0.50,  0.00,  0.00 },
{  0.00,  0.00,  0.50,  0.50,  0.00,  0.00,  0.50,  0.00,  0.00,  0.00 }
